v ATLAS
# This file was created by ATLAS version 5.26.1.R on Wed Apr 28 00:30:20 2021.
#SSF 2.0 generic
##############################################################################
#                    Copyright (c) 1984 - 2018                               #
#                    Silvaco Inc. All rights reserved                        #
#                                                                            #
# This file format and the following Key are copyright Silvaco Inc.          #
# You may not use, this format or key without reproducing this message in    #
# full and obtaining express written permission from Silvaco Inc.            #
#                                                                            #
# To obtain such permission please contact: Silvaco Inc.                     #
#                                           support@silvaco.com              #
#                                                                            #
# KEY=SVC86hn7562asdx                       PROD=345                         #
##############################################################################
y 1 15
z 300
f 2 "anode" "cathode" 
p 6 2 601 20 3 602 21 
d 5.000000000e-002 5.000000000e-002 3.357695896e-013 0.000000000e+000 0.000000000e+000 -3.357696257e-013 
d 1.000000000e-001 1.000000000e-001 2.644521101e-012 0.000000000e+000 0.000000000e+000 -2.644521077e-012 
d 1.500000000e-001 1.500000000e-001 1.849998911e-011 0.000000000e+000 0.000000000e+000 -1.849998915e-011 
d 2.000000000e-001 2.000000000e-001 1.271309507e-010 0.000000000e+000 0.000000000e+000 -1.271309507e-010 
d 2.500000000e-001 2.500000000e-001 8.686610508e-010 0.000000000e+000 0.000000000e+000 -8.686610508e-010 
d 3.000000000e-001 3.000000000e-001 5.900427703e-009 0.000000000e+000 0.000000000e+000 -5.900427703e-009 
d 3.500000000e-001 3.500000000e-001 3.967509640e-008 0.000000000e+000 0.000000000e+000 -3.967509640e-008 
d 4.000000000e-001 4.000000000e-001 2.606301844e-007 0.000000000e+000 0.000000000e+000 -2.606301844e-007 
d 4.500000000e-001 4.500000000e-001 1.589635468e-006 0.000000000e+000 0.000000000e+000 -1.589635468e-006 
d 5.000000000e-001 5.000000000e-001 7.631075615e-006 0.000000000e+000 0.000000000e+000 -7.631075615e-006 
d 5.500000000e-001 5.500000000e-001 2.350838084e-005 0.000000000e+000 0.000000000e+000 -2.350838025e-005 
d 6.000000000e-001 6.000000000e-001 4.878532642e-005 0.000000000e+000 0.000000000e+000 -4.878532452e-005 
d 6.500000000e-001 6.500000000e-001 7.997433199e-005 0.000000000e+000 0.000000000e+000 -7.997433191e-005 
d 7.000000000e-001 7.000000000e-001 1.146518117e-004 0.000000000e+000 0.000000000e+000 -1.146518117e-004 
d 7.500000000e-001 7.500000000e-001 1.514979445e-004 0.000000000e+000 0.000000000e+000 -1.514979445e-004 
d 8.000000000e-001 8.000000000e-001 1.897761137e-004 0.000000000e+000 0.000000000e+000 -1.897761137e-004 
d 8.500000000e-001 8.500000000e-001 2.290441962e-004 0.000000000e+000 0.000000000e+000 -2.290441908e-004 
d 9.000000000e-001 9.000000000e-001 2.690185413e-004 0.000000000e+000 0.000000000e+000 -2.690185399e-004 
d 9.500000000e-001 9.500000000e-001 3.095048418e-004 0.000000000e+000 0.000000000e+000 -3.095048414e-004 
d 1.000000000e+000 1.000000000e+000 3.503631678e-004 0.000000000e+000 0.000000000e+000 -3.503631677e-004 
